<?xml version="1.0" encoding="UTF-8"?>
<!-- Generated by org.testng.reporters.JUnitReportReporter -->
<testsuite hostname="Mohits-Air.fritz.box" failures="0" tests="4" name="company.qa.opencart.tests.search" time="2.222" errors="0" timestamp="2023-05-06T17:51:35 CEST" skipped="0">
  <testcase classname="company.qa.opencart.tests.search" name="searchTest" time="0.532"/>
  <system-out/>
  <testcase classname="company.qa.opencart.tests.search" name="TitleTest" time="0.159"/>
  <system-out/>
  <testcase classname="company.qa.opencart.tests.search" name="searchTest" time="0.983"/>
  <system-out/>
  <testcase classname="company.qa.opencart.tests.search" name="searchTest" time="0.548"/>
  <system-out/>
</testsuite> <!-- company.qa.opencart.tests.search -->
