<?xml version="1.0" encoding="UTF-8"?>
<!-- Generated by org.testng.reporters.JUnitReportReporter -->
<testsuite hostname="Mohits-Air.fritz.box" failures="0" tests="4" name="company.qa.opencart.tests.SearchTest" time="2.528" errors="0" timestamp="2023-05-08T11:31:59 CEST" skipped="0">
  <testcase classname="company.qa.opencart.tests.SearchTest" name="searchTest" time="0.973"/>
  <system-out/>
  <testcase classname="company.qa.opencart.tests.SearchTest" name="TitleTest" time="0.081"/>
  <system-out/>
  <testcase classname="company.qa.opencart.tests.SearchTest" name="searchTest" time="0.598"/>
  <system-out/>
  <testcase classname="company.qa.opencart.tests.SearchTest" name="searchTest" time="0.876"/>
  <system-out/>
</testsuite> <!-- company.qa.opencart.tests.SearchTest -->
