<?xml version="1.0" encoding="UTF-8"?>
<!-- Generated by org.testng.reporters.JUnitReportReporter -->
<testsuite hostname="Mohits-Air.fritz.box" failures="0" tests="3" name="company.qa.opencart.tests.LoginTest" time="2.333" errors="0" timestamp="2023-05-07T13:35:13 CEST" skipped="0">
  <testcase classname="company.qa.opencart.tests.LoginTest" name="NavigatetoLoginPageTest" time="0.535"/>
  <system-out/>
  <testcase classname="company.qa.opencart.tests.LoginTest" name="forgotpassTest" time="0.528"/>
  <system-out/>
  <testcase classname="company.qa.opencart.tests.LoginTest" name="loginUserTest" time="1.270"/>
  <system-out/>
</testsuite> <!-- company.qa.opencart.tests.LoginTest -->
