<?xml version="1.0" encoding="UTF-8"?>
<!-- Generated by org.testng.reporters.JUnitReportReporter -->
<testsuite hostname="Mohits-Air.fritz.box" failures="0" tests="4" name="company.qa.opencart.tests.SearchTest" time="2.744" errors="0" timestamp="2023-05-08T15:03:58 CEST" skipped="0">
  <testcase classname="company.qa.opencart.tests.SearchTest" name="TitleTest" time="0.170"/>
  <system-out/>
  <testcase classname="company.qa.opencart.tests.SearchTest" name="searchTest" time="0.739"/>
  <system-out/>
  <testcase classname="company.qa.opencart.tests.SearchTest" name="searchTest" time="1.353"/>
  <system-out/>
  <testcase classname="company.qa.opencart.tests.SearchTest" name="searchTest" time="0.482"/>
  <system-out/>
</testsuite> <!-- company.qa.opencart.tests.SearchTest -->
