<?xml version="1.0" encoding="UTF-8"?>
<!-- Generated by org.testng.reporters.JUnitReportReporter -->
<testsuite hostname="Mohits-Air.fritz.box" failures="0" tests="4" name="company.qa.opencart.tests.SearchTest" time="2.149" errors="0" timestamp="2023-05-07T13:35:13 CEST" skipped="0">
  <testcase classname="company.qa.opencart.tests.SearchTest" name="TitleTest" time="0.079"/>
  <system-out/>
  <testcase classname="company.qa.opencart.tests.SearchTest" name="searchTest" time="0.959"/>
  <system-out/>
  <testcase classname="company.qa.opencart.tests.SearchTest" name="searchTest" time="0.629"/>
  <system-out/>
  <testcase classname="company.qa.opencart.tests.SearchTest" name="searchTest" time="0.482"/>
  <system-out/>
</testsuite> <!-- company.qa.opencart.tests.SearchTest -->
