<?xml version="1.0" encoding="UTF-8"?>
<!-- Generated by org.testng.reporters.JUnitReportReporter -->
<testsuite hostname="Mohits-Air.fritz.box" failures="0" tests="6" name="company.qa.opencart.tests.LoginTest" time="6.208" errors="0" timestamp="2023-05-08T15:03:58 CEST" skipped="0">
  <testcase classname="company.qa.opencart.tests.LoginTest" name="NavigatetoLoginPageTest" time="1.597"/>
  <system-out/>
  <testcase classname="company.qa.opencart.tests.LoginTest" name="NavigatetoLoginPageTest" time="0.603"/>
  <system-out/>
  <testcase classname="company.qa.opencart.tests.LoginTest" name="forgotpassTest" time="0.566"/>
  <system-out/>
  <testcase classname="company.qa.opencart.tests.LoginTest" name="forgotpassTest" time="0.526"/>
  <system-out/>
  <testcase classname="company.qa.opencart.tests.LoginTest" name="loginUserTest" time="1.627"/>
  <system-out/>
  <testcase classname="company.qa.opencart.tests.LoginTest" name="loginUserTest" time="1.289"/>
  <system-out/>
</testsuite> <!-- company.qa.opencart.tests.LoginTest -->
