<?xml version="1.0" encoding="UTF-8"?>
<!-- Generated by org.testng.reporters.JUnitReportReporter -->
<testsuite hostname="Mohits-Air.fritz.box" failures="0" tests="3" name="company.qa.opencart.tests.LoginTest" time="2.391" errors="0" timestamp="2023-05-08T11:31:59 CEST" skipped="0">
  <testcase classname="company.qa.opencart.tests.LoginTest" name="NavigatetoLoginPageTest" time="0.565"/>
  <system-out/>
  <testcase classname="company.qa.opencart.tests.LoginTest" name="forgotpassTest" time="0.535"/>
  <system-out/>
  <testcase classname="company.qa.opencart.tests.LoginTest" name="loginUserTest" time="1.291"/>
  <system-out/>
</testsuite> <!-- company.qa.opencart.tests.LoginTest -->
