<?xml version="1.0" encoding="UTF-8"?>
<!-- Generated by org.testng.reporters.JUnitReportReporter -->
<testsuite hostname="Mohits-Air.fritz.box" failures="0" tests="4" name="company.qa.opencart.tests.SearchTest" time="2.450" errors="0" timestamp="2023-05-07T13:32:46 CEST" skipped="0">
  <testcase classname="company.qa.opencart.tests.SearchTest" name="searchTest" time="1.216"/>
  <system-out/>
  <testcase classname="company.qa.opencart.tests.SearchTest" name="searchTest" time="0.471"/>
  <system-out/>
  <testcase classname="company.qa.opencart.tests.SearchTest" name="searchTest" time="0.632"/>
  <system-out/>
  <testcase classname="company.qa.opencart.tests.SearchTest" name="TitleTest" time="0.131"/>
  <system-out/>
</testsuite> <!-- company.qa.opencart.tests.SearchTest -->
